<?xml version="1.0" encoding="UTF-8"?>
<!-- Generated by org.testng.reporters.JUnitReportReporter -->
<testsuite hostname="LT0336719" failures="0" tests="7" name="cucumberOptions.TestNGRunner" time="36.748" errors="0" timestamp="2024-09-26T10:39:05 CEST" skipped="0">
  <testcase classname="cucumberOptions.TestNGRunner" name="runScenario" time="5.111"/>
  <testcase classname="cucumberOptions.TestNGRunner" name="runScenario" time="5.341"/>
  <testcase classname="cucumberOptions.TestNGRunner" name="runScenario" time="5.540"/>
  <testcase classname="cucumberOptions.TestNGRunner" name="runScenario" time="4.793"/>
  <testcase classname="cucumberOptions.TestNGRunner" name="runScenario" time="4.989"/>
  <testcase classname="cucumberOptions.TestNGRunner" name="runScenario" time="5.449"/>
  <testcase classname="cucumberOptions.TestNGRunner" name="runScenario" time="5.525"/>
</testsuite> <!-- cucumberOptions.TestNGRunner -->
