<?xml version="1.0" encoding="UTF-8"?>
<!-- Generated by org.testng.reporters.JUnitReportReporter -->
<testsuite hostname="LT0336719" failures="0" tests="1" name="cucumberOptions.failedTestRunner" time="2.459" errors="0" timestamp="2024-09-26T00:43:44 CEST" skipped="0">
  <testcase classname="cucumberOptions.failedTestRunner" name="runScenario" time="2.459"/>
</testsuite> <!-- cucumberOptions.failedTestRunner -->
