<?xml version="1.0" encoding="UTF-8"?>
<!-- Generated by org.testng.reporters.JUnitReportReporter -->
<testsuite hostname="LT0336719" failures="0" tests="7" name="cucumberOptions.TestNGRunner" time="40.265" errors="1" timestamp="2024-09-26T09:33:38 CEST" skipped="0">
  <testcase classname="cucumberOptions.TestNGRunner" name="runScenario" time="5.907"/>
  <testcase classname="cucumberOptions.TestNGRunner" name="runScenario" time="5.971"/>
  <testcase classname="cucumberOptions.TestNGRunner" name="runScenario" time="5.307"/>
  <testcase classname="cucumberOptions.TestNGRunner" name="runScenario" time="5.539"/>
  <testcase classname="cucumberOptions.TestNGRunner" name="runScenario" time="5.036"/>
  <testcase classname="cucumberOptions.TestNGRunner" name="runScenario" time="5.907"/>
  <testcase classname="cucumberOptions.TestNGRunner" name="runScenario" time="6.598">
    <error message="element click intercepted: Element &lt;button _ngcontent-ng-c1849874922=&quot;&quot; type=&quot;submit&quot; class=&quot;btn btn-default&quot;&gt;...&lt;/button&gt; is not clickable at point (910, 614). Other element would receive the click: &lt;div _ngcontent-ng-c87473289=&quot;&quot; class=&quot;col-12 text-center&quot;&gt;...&lt;/div&gt;
  (Session info: chrome=128.0.6613.138)
Build info: version: &#039;4.25.0&#039;, revision: &#039;8a8aea2337&#039;
System info: os.name: &#039;Windows 10&#039;, os.arch: &#039;amd64&#039;, os.version: &#039;10.0&#039;, java.version: &#039;17.0.7&#039;
Driver info: org.openqa.selenium.chrome.ChromeDriver
Command: [bc6d271fc13bf1dcb235fda423368208, clickElement {id=f.F58AA32EFC59AE7ACD22B335A5BD0C7D.d.0FCE7FC0FE0903935ECEC5991CC72FC9.e.45}]
Capabilities {acceptInsecureCerts: false, browserName: chrome, browserVersion: 128.0.6613.138, chrome: {chromedriverVersion: 128.0.6613.86 (3045ed680fda..., userDataDir: D:\users\se03393\AppData\Lo...}, fedcm:accounts: true, goog:chromeOptions: {debuggerAddress: localhost:34693}, networkConnectionEnabled: false, pageLoadStrategy: normal, platformName: windows, proxy: Proxy(), se:cdp: ws://localhost:34693/devtoo..., se:cdpVersion: 128.0.6613.138, setWindowRect: true, strictFileInteractability: false, timeouts: {implicit: 0, pageLoad: 300000, script: 30000}, unhandledPromptBehavior: dismiss and notify, webauthn:extension:credBlob: true, webauthn:extension:largeBlob: true, webauthn:extension:minPinLength: true, webauthn:extension:prf: true, webauthn:virtualAuthenticators: true}
Element: [[ChromeDriver: chrome on windows (bc6d271fc13bf1dcb235fda423368208)] -&gt; xpath: //*[@type=&#039;submit&#039;]]
Session ID: bc6d271fc13bf1dcb235fda423368208" type="org.openqa.selenium.ElementClickInterceptedException">
      <![CDATA[org.openqa.selenium.ElementClickInterceptedException: element click intercepted: Element <button _ngcontent-ng-c1849874922="" type="submit" class="btn btn-default">...</button> is not clickable at point (910, 614). Other element would receive the click: <div _ngcontent-ng-c87473289="" class="col-12 text-center">...</div>
  (Session info: chrome=128.0.6613.138)
Build info: version: '4.25.0', revision: '8a8aea2337'
System info: os.name: 'Windows 10', os.arch: 'amd64', os.version: '10.0', java.version: '17.0.7'
Driver info: org.openqa.selenium.chrome.ChromeDriver
Command: [bc6d271fc13bf1dcb235fda423368208, clickElement {id=f.F58AA32EFC59AE7ACD22B335A5BD0C7D.d.0FCE7FC0FE0903935ECEC5991CC72FC9.e.45}]
Capabilities {acceptInsecureCerts: false, browserName: chrome, browserVersion: 128.0.6613.138, chrome: {chromedriverVersion: 128.0.6613.86 (3045ed680fda..., userDataDir: D:\users\se03393\AppData\Lo...}, fedcm:accounts: true, goog:chromeOptions: {debuggerAddress: localhost:34693}, networkConnectionEnabled: false, pageLoadStrategy: normal, platformName: windows, proxy: Proxy(), se:cdp: ws://localhost:34693/devtoo..., se:cdpVersion: 128.0.6613.138, setWindowRect: true, strictFileInteractability: false, timeouts: {implicit: 0, pageLoad: 300000, script: 30000}, unhandledPromptBehavior: dismiss and notify, webauthn:extension:credBlob: true, webauthn:extension:largeBlob: true, webauthn:extension:minPinLength: true, webauthn:extension:prf: true, webauthn:virtualAuthenticators: true}
Element: [[ChromeDriver: chrome on windows (bc6d271fc13bf1dcb235fda423368208)] -> xpath: //*[@type='submit']]
Session ID: bc6d271fc13bf1dcb235fda423368208
at java.base/jdk.internal.reflect.NativeConstructorAccessorImpl.newInstance0(Native Method)
at java.base/jdk.internal.reflect.NativeConstructorAccessorImpl.newInstance(NativeConstructorAccessorImpl.java:77)
at java.base/jdk.internal.reflect.DelegatingConstructorAccessorImpl.newInstance(DelegatingConstructorAccessorImpl.java:45)
at java.base/java.lang.reflect.Constructor.newInstanceWithCaller(Constructor.java:499)
at java.base/java.lang.reflect.Constructor.newInstance(Constructor.java:480)
at org.openqa.selenium.remote.ErrorCodec.decode(ErrorCodec.java:167)
at org.openqa.selenium.remote.codec.w3c.W3CHttpResponseCodec.decode(W3CHttpResponseCodec.java:138)
at org.openqa.selenium.remote.codec.w3c.W3CHttpResponseCodec.decode(W3CHttpResponseCodec.java:50)
at org.openqa.selenium.remote.HttpCommandExecutor.execute(HttpCommandExecutor.java:190)
at org.openqa.selenium.remote.service.DriverCommandExecutor.invokeExecute(DriverCommandExecutor.java:216)
at org.openqa.selenium.remote.service.DriverCommandExecutor.execute(DriverCommandExecutor.java:174)
at org.openqa.selenium.remote.RemoteWebDriver.execute(RemoteWebDriver.java:545)
at org.openqa.selenium.remote.RemoteWebElement.execute(RemoteWebElement.java:223)
at org.openqa.selenium.remote.RemoteWebElement.click(RemoteWebElement.java:76)
at pageObjects.SpecialityDetails.addNewSepciality(SpecialityDetails.java:36)
at stepDefinations.specialityDetailsStepdefination.validate_the_new_spciality_details(specialityDetailsStepdefination.java:24)
at âœ½.Validate the new Spciality Details(file:///D:/Eclipse/petClinic_Validation/src/test/java/features/specialityDetails.feature:8)
]]>
    </error>
  </testcase> <!-- runScenario -->
</testsuite> <!-- cucumberOptions.TestNGRunner -->
