<?xml version="1.0" encoding="UTF-8"?>
<!-- Generated by org.testng.reporters.JUnitReportReporter -->
<testsuite hostname="LT0336719" failures="0" tests="6" name="cucumberOptions.TestNGRunner" time="33.982" errors="0" timestamp="2024-09-26T00:39:36 CEST" skipped="0">
  <testcase classname="cucumberOptions.TestNGRunner" name="runScenario" time="5.744"/>
  <testcase classname="cucumberOptions.TestNGRunner" name="runScenario" time="5.391"/>
  <testcase classname="cucumberOptions.TestNGRunner" name="runScenario" time="5.976"/>
  <testcase classname="cucumberOptions.TestNGRunner" name="runScenario" time="6.008"/>
  <testcase classname="cucumberOptions.TestNGRunner" name="runScenario" time="5.698"/>
  <testcase classname="cucumberOptions.TestNGRunner" name="runScenario" time="5.165"/>
</testsuite> <!-- cucumberOptions.TestNGRunner -->
