<?xml version="1.0" encoding="UTF-8"?>
<!-- Generated by org.testng.reporters.JUnitReportReporter -->
<testsuite hostname="LT0336719" failures="1" tests="7" name="cucumberOptions.TestNGRunner" time="42.061" errors="0" timestamp="2024-09-26T11:56:23 CEST" skipped="0">
  <testcase classname="cucumberOptions.TestNGRunner" name="runScenario" time="5.711"/>
  <testcase classname="cucumberOptions.TestNGRunner" name="runScenario" time="5.431"/>
  <testcase classname="cucumberOptions.TestNGRunner" name="runScenario" time="6.335"/>
  <testcase classname="cucumberOptions.TestNGRunner" name="runScenario" time="5.780"/>
  <testcase classname="cucumberOptions.TestNGRunner" name="runScenario" time="6.042">
    <failure message="The value displayed on the page is not as expected! expected [] but found [ ]" type="java.lang.AssertionError">
      <![CDATA[java.lang.AssertionError: The value displayed on the page is not as expected! expected [] but found [ ]
at org.testng.Assert.fail(Assert.java:111)
at org.testng.Assert.failNotEquals(Assert.java:1578)
at org.testng.Assert.assertEqualsImpl(Assert.java:150)
at org.testng.Assert.assertEquals(Assert.java:132)
at org.testng.Assert.assertEquals(Assert.java:656)
at pageObjects.SpecialityDetails.addNewSepciality(SpecialityDetails.java:45)
at stepDefinations.specialityDetailsStepdefination.validate_the_new_spciality_details(specialityDetailsStepdefination.java:24)
at âœ½.Validate the new Spciality Details(file:///D:/Eclipse/petClinic_Validation/src/test/java/features/specialityDetails.feature:8)
]]>
    </failure>
  </testcase> <!-- runScenario -->
  <testcase classname="cucumberOptions.TestNGRunner" name="runScenario" time="6.335"/>
  <testcase classname="cucumberOptions.TestNGRunner" name="runScenario" time="6.427"/>
</testsuite> <!-- cucumberOptions.TestNGRunner -->
